# JRE version: OpenJDK Runtime Environment Temurin-17.0.12+7 (17.0.12+7) (build 17.0.12+7)
# Java VM: OpenJDK 64-Bit Server VM Temurin-17.0.12+7 (17.0.12+7, mixed mode, tiered, compressed oops, compressed class ptrs, parallel gc, windows-amd64)
GC Precious Log:
 CPUs: 16 total, 16 available
 Memory: 7418M
 Large Page Support: Disabled
 NUMA Support: Disabled
 Compressed Oops: Enabled (32-bit)
 Alignments: Space 512K, Generation 512K, Heap 2M
 Heap Min Capacity: 100M
 Heap Initial Capacity: 100M
 Heap Max Capacity: 1G
 Pre-touch: Disabled
 Parallel Workers: 13
Heap:
 PSYoungGen      total 2560K, used 704K [0x00000000eab00000, 0x00000000eaf00000, 0x0000000100000000)
  eden space 1536K, 0% used [0x00000000eab00000,0x00000000eab00000,0x00000000eac80000)
  from space 1024K, 68% used [0x00000000ead80000,0x00000000eae30000,0x00000000eae80000)
  to   space 1024K, 0% used [0x00000000eac80000,0x00000000eac80000,0x00000000ead80000)
 ParOldGen       total 148992K, used 148971K [0x00000000c0000000, 0x00000000c9180000, 0x00000000eab00000)
  object space 148992K, 99% used [0x00000000c0000000,0x00000000c917af40,0x00000000c9180000)
 Metaspace       used 96451K, committed 97728K, reserved 1179648K
  class space    used 9453K, committed 9984K, reserved 1048576K
GC Heap History (20 events):
Event: 40963.999 GC heap after
{Heap after GC invocations=4071 (full 24):
 PSYoungGen      total 3584K, used 480K [0x00000000eab00000, 0x00000000eaf80000, 0x0000000100000000)
  eden space 2560K, 0% used [0x00000000eab00000,0x00000000eab00000,0x00000000ead80000)
  from space 1024K, 46% used [0x00000000ead80000,0x00000000eadf8000,0x00000000eae80000)
  to   space 1024K, 0% used [0x00000000eae80000,0x00000000eae80000,0x00000000eaf80000)
 ParOldGen       total 148992K, used 146151K [0x00000000c0000000, 0x00000000c9180000, 0x00000000eab00000)
  object space 148992K, 98% used [0x00000000c0000000,0x00000000c8eb9c80,0x00000000c9180000)
 Metaspace       used 96353K, committed 97664K, reserved 1179648K
  class space    used 9440K, committed 9984K, reserved 1048576K
}
Event: 40964.029 GC heap before
{Heap before GC invocations=4072 (full 24):
 PSYoungGen      total 3584K, used 3039K [0x00000000eab00000, 0x00000000eaf80000, 0x0000000100000000)
  eden space 2560K, 99% used [0x00000000eab00000,0x00000000ead7fc68,0x00000000ead80000)
  from space 1024K, 46% used [0x00000000ead80000,0x00000000eadf8000,0x00000000eae80000)
  to   space 1024K, 0% used [0x00000000eae80000,0x00000000eae80000,0x00000000eaf80000)
 ParOldGen       total 148992K, used 146151K [0x00000000c0000000, 0x00000000c9180000, 0x00000000eab00000)
  object space 148992K, 98% used [0x00000000c0000000,0x00000000c8eb9c80,0x00000000c9180000)
 Metaspace       used 96382K, committed 97664K, reserved 1179648K
  class space    used 9443K, committed 9984K, reserved 1048576K
}
Event: 40964.032 GC heap after
{Heap after GC invocations=4072 (full 24):
 PSYoungGen      total 3072K, used 416K [0x00000000eab00000, 0x00000000eaf00000, 0x0000000100000000)
  eden space 2560K, 0% used [0x00000000eab00000,0x00000000eab00000,0x00000000ead80000)
  from space 512K, 81% used [0x00000000eae80000,0x00000000eaee8000,0x00000000eaf00000)
  to   space 512K, 0% used [0x00000000eae00000,0x00000000eae00000,0x00000000eae80000)
 ParOldGen       total 148992K, used 146423K [0x00000000c0000000, 0x00000000c9180000, 0x00000000eab00000)
  object space 148992K, 98% used [0x00000000c0000000,0x00000000c8efdc80,0x00000000c9180000)
 Metaspace       used 96382K, committed 97664K, reserved 1179648K
  class space    used 9443K, committed 9984K, reserved 1048576K
}
Event: 40964.095 GC heap before
{Heap before GC invocations=4073 (full 24):
 PSYoungGen      total 3072K, used 2975K [0x00000000eab00000, 0x00000000eaf00000, 0x0000000100000000)
  eden space 2560K, 99% used [0x00000000eab00000,0x00000000ead7ff30,0x00000000ead80000)
  from space 512K, 81% used [0x00000000eae80000,0x00000000eaee8000,0x00000000eaf00000)
  to   space 512K, 0% used [0x00000000eae00000,0x00000000eae00000,0x00000000eae80000)
 ParOldGen       total 148992K, used 146423K [0x00000000c0000000, 0x00000000c9180000, 0x00000000eab00000)
  object space 148992K, 98% used [0x00000000c0000000,0x00000000c8efdc80,0x00000000c9180000)
 Metaspace       used 96447K, committed 97728K, reserved 1179648K
  class space    used 9453K, committed 9984K, reserved 1048576K
}
Event: 40964.098 GC heap after
{Heap after GC invocations=4073 (full 24):
 PSYoungGen      total 3072K, used 352K [0x00000000eab00000, 0x00000000eaf00000, 0x0000000100000000)
  eden space 2560K, 0% used [0x00000000eab00000,0x00000000eab00000,0x00000000ead80000)
  from space 512K, 68% used [0x00000000eae00000,0x00000000eae58000,0x00000000eae80000)
  to   space 512K, 0% used [0x00000000eae80000,0x00000000eae80000,0x00000000eaf00000)
 ParOldGen       total 148992K, used 146519K [0x00000000c0000000, 0x00000000c9180000, 0x00000000eab00000)
  object space 148992K, 98% used [0x00000000c0000000,0x00000000c8f15c80,0x00000000c9180000)
 Metaspace       used 96447K, committed 97728K, reserved 1179648K
  class space    used 9453K, committed 9984K, reserved 1048576K
}
Event: 40964.337 GC heap before
{Heap before GC invocations=4074 (full 24):
 PSYoungGen      total 3072K, used 2911K [0x00000000eab00000, 0x00000000eaf00000, 0x0000000100000000)
  eden space 2560K, 99% used [0x00000000eab00000,0x00000000ead7ffe8,0x00000000ead80000)
  from space 512K, 68% used [0x00000000eae00000,0x00000000eae58000,0x00000000eae80000)
  to   space 512K, 0% used [0x00000000eae80000,0x00000000eae80000,0x00000000eaf00000)
 ParOldGen       total 148992K, used 146519K [0x00000000c0000000, 0x00000000c9180000, 0x00000000eab00000)
  object space 148992K, 98% used [0x00000000c0000000,0x00000000c8f15c80,0x00000000c9180000)
 Metaspace       used 96447K, committed 97728K, reserved 1179648K
  class space    used 9453K, committed 9984K, reserved 1048576K
}
Event: 40964.341 GC heap after
{Heap after GC invocations=4074 (full 24):
 PSYoungGen      total 2560K, used 480K [0x00000000eab00000, 0x00000000eb080000, 0x0000000100000000)
  eden space 2048K, 0% used [0x00000000eab00000,0x00000000eab00000,0x00000000ead00000)
  from space 512K, 93% used [0x00000000eae80000,0x00000000eaef8020,0x00000000eaf00000)
  to   space 1536K, 0% used [0x00000000ead00000,0x00000000ead00000,0x00000000eae80000)
 ParOldGen       total 148992K, used 146969K [0x00000000c0000000, 0x00000000c9180000, 0x00000000eab00000)
  object space 148992K, 98% used [0x00000000c0000000,0x00000000c8f86580,0x00000000c9180000)
 Metaspace       used 96447K, committed 97728K, reserved 1179648K
  class space    used 9453K, committed 9984K, reserved 1048576K
}
Event: 40964.345 GC heap before
{Heap before GC invocations=4075 (full 24):
 PSYoungGen      total 2560K, used 2528K [0x00000000eab00000, 0x00000000eb080000, 0x0000000100000000)
  eden space 2048K, 100% used [0x00000000eab00000,0x00000000ead00000,0x00000000ead00000)
  from space 512K, 93% used [0x00000000eae80000,0x00000000eaef8020,0x00000000eaf00000)
  to   space 1536K, 0% used [0x00000000ead00000,0x00000000ead00000,0x00000000eae80000)
 ParOldGen       total 148992K, used 146969K [0x00000000c0000000, 0x00000000c9180000, 0x00000000eab00000)
  object space 148992K, 98% used [0x00000000c0000000,0x00000000c8f86580,0x00000000c9180000)
 Metaspace       used 96447K, committed 97728K, reserved 1179648K
  class space    used 9453K, committed 9984K, reserved 1048576K
}
Event: 40964.348 GC heap after
{Heap after GC invocations=4075 (full 24):
 PSYoungGen      total 2560K, used 384K [0x00000000eab00000, 0x00000000eaf00000, 0x0000000100000000)
  eden space 2048K, 0% used [0x00000000eab00000,0x00000000eab00000,0x00000000ead00000)
  from space 512K, 75% used [0x00000000ead00000,0x00000000ead60000,0x00000000ead80000)
  to   space 1024K, 0% used [0x00000000eae00000,0x00000000eae00000,0x00000000eaf00000)
 ParOldGen       total 148992K, used 147505K [0x00000000c0000000, 0x00000000c9180000, 0x00000000eab00000)
  object space 148992K, 99% used [0x00000000c0000000,0x00000000c900c5e0,0x00000000c9180000)
 Metaspace       used 96447K, committed 97728K, reserved 1179648K
  class space    used 9453K, committed 9984K, reserved 1048576K
}
Event: 40964.433 GC heap before
{Heap before GC invocations=4076 (full 24):
 PSYoungGen      total 2560K, used 2431K [0x00000000eab00000, 0x00000000eaf00000, 0x0000000100000000)
  eden space 2048K, 99% used [0x00000000eab00000,0x00000000eacffff0,0x00000000ead00000)
  from space 512K, 75% used [0x00000000ead00000,0x00000000ead60000,0x00000000ead80000)
  to   space 1024K, 0% used [0x00000000eae00000,0x00000000eae00000,0x00000000eaf00000)
 ParOldGen       total 148992K, used 147505K [0x00000000c0000000, 0x00000000c9180000, 0x00000000eab00000)
  object space 148992K, 99% used [0x00000000c0000000,0x00000000c900c5e0,0x00000000c9180000)
 Metaspace       used 96447K, committed 97728K, reserved 1179648K
  class space    used 9453K, committed 9984K, reserved 1048576K
}
Event: 40964.434 GC heap after
{Heap after GC invocations=4076 (full 24):
 PSYoungGen      total 2560K, used 352K [0x00000000eab00000, 0x00000000eae80000, 0x0000000100000000)
  eden space 2048K, 0% used [0x00000000eab00000,0x00000000eab00000,0x00000000ead00000)
  from space 512K, 68% used [0x00000000eae00000,0x00000000eae58000,0x00000000eae80000)
  to   space 512K, 0% used [0x00000000ead00000,0x00000000ead00000,0x00000000ead80000)
 ParOldGen       total 148992K, used 147793K [0x00000000c0000000, 0x00000000c9180000, 0x00000000eab00000)
  object space 148992K, 99% used [0x00000000c0000000,0x00000000c90545e0,0x00000000c9180000)
 Metaspace       used 96447K, committed 97728K, reserved 1179648K
  class space    used 9453K, committed 9984K, reserved 1048576K
}
Event: 40964.441 GC heap before
{Heap before GC invocations=4077 (full 24):
 PSYoungGen      total 2560K, used 2400K [0x00000000eab00000, 0x00000000eae80000, 0x0000000100000000)
  eden space 2048K, 100% used [0x00000000eab00000,0x00000000ead00000,0x00000000ead00000)
  from space 512K, 68% used [0x00000000eae00000,0x00000000eae58000,0x00000000eae80000)
  to   space 512K, 0% used [0x00000000ead00000,0x00000000ead00000,0x00000000ead80000)
 ParOldGen       total 148992K, used 147793K [0x00000000c0000000, 0x00000000c9180000, 0x00000000eab00000)
  object space 148992K, 99% used [0x00000000c0000000,0x00000000c90545e0,0x00000000c9180000)
 Metaspace       used 96447K, committed 97728K, reserved 1179648K
  class space    used 9453K, committed 9984K, reserved 1048576K
}
Event: 40964.443 GC heap after
{Heap after GC invocations=4077 (full 24):
 PSYoungGen      total 2560K, used 512K [0x00000000eab00000, 0x00000000eaf00000, 0x0000000100000000)
  eden space 2048K, 0% used [0x00000000eab00000,0x00000000eab00000,0x00000000ead00000)
  from space 512K, 100% used [0x00000000ead00000,0x00000000ead80000,0x00000000ead80000)
  to   space 1024K, 0% used [0x00000000eae00000,0x00000000eae00000,0x00000000eaf00000)
 ParOldGen       total 148992K, used 147881K [0x00000000c0000000, 0x00000000c9180000, 0x00000000eab00000)
  object space 148992K, 99% used [0x00000000c0000000,0x00000000c906a5e0,0x00000000c9180000)
 Metaspace       used 96447K, committed 97728K, reserved 1179648K
  class space    used 9453K, committed 9984K, reserved 1048576K
}
Event: 40964.447 GC heap before
{Heap before GC invocations=4078 (full 24):
 PSYoungGen      total 2560K, used 2560K [0x00000000eab00000, 0x00000000eaf00000, 0x0000000100000000)
  eden space 2048K, 100% used [0x00000000eab00000,0x00000000ead00000,0x00000000ead00000)
  from space 512K, 100% used [0x00000000ead00000,0x00000000ead80000,0x00000000ead80000)
  to   space 1024K, 0% used [0x00000000eae00000,0x00000000eae00000,0x00000000eaf00000)
 ParOldGen       total 148992K, used 147881K [0x00000000c0000000, 0x00000000c9180000, 0x00000000eab00000)
  object space 148992K, 99% used [0x00000000c0000000,0x00000000c906a5e0,0x00000000c9180000)
 Metaspace       used 96447K, committed 97728K, reserved 1179648K
  class space    used 9453K, committed 9984K, reserved 1048576K
}
Event: 40964.449 GC heap after
{Heap after GC invocations=4078 (full 24):
 PSYoungGen      total 2560K, used 960K [0x00000000eab00000, 0x00000000eb000000, 0x0000000100000000)
  eden space 1536K, 0% used [0x00000000eab00000,0x00000000eab00000,0x00000000eac80000)
  from space 1024K, 93% used [0x00000000eae00000,0x00000000eaef0000,0x00000000eaf00000)
  to   space 1536K, 0% used [0x00000000eac80000,0x00000000eac80000,0x00000000eae00000)
 ParOldGen       total 148992K, used 148270K [0x00000000c0000000, 0x00000000c9180000, 0x00000000eab00000)
  object space 148992K, 99% used [0x00000000c0000000,0x00000000c90cba80,0x00000000c9180000)
 Metaspace       used 96447K, committed 97728K, reserved 1179648K
  class space    used 9453K, committed 9984K, reserved 1048576K
}
Event: 41063.482 GC heap before
{Heap before GC invocations=4079 (full 24):
 PSYoungGen      total 2560K, used 2496K [0x00000000eab00000, 0x00000000eb000000, 0x0000000100000000)
  eden space 1536K, 100% used [0x00000000eab00000,0x00000000eac80000,0x00000000eac80000)
  from space 1024K, 93% used [0x00000000eae00000,0x00000000eaef0000,0x00000000eaf00000)
  to   space 1536K, 0% used [0x00000000eac80000,0x00000000eac80000,0x00000000eae00000)
 ParOldGen       total 148992K, used 148270K [0x00000000c0000000, 0x00000000c9180000, 0x00000000eab00000)
  object space 148992K, 99% used [0x00000000c0000000,0x00000000c90cba80,0x00000000c9180000)
 Metaspace       used 96451K, committed 97728K, reserved 1179648K
  class space    used 9453K, committed 9984K, reserved 1048576K
}
Event: 41063.484 GC heap after
{Heap after GC invocations=4079 (full 24):
 PSYoungGen      total 2560K, used 544K [0x00000000eab00000, 0x00000000eae80000, 0x0000000100000000)
  eden space 1536K, 0% used [0x00000000eab00000,0x00000000eab00000,0x00000000eac80000)
  from space 1024K, 53% used [0x00000000eac80000,0x00000000ead08020,0x00000000ead80000)
  to   space 1024K, 0% used [0x00000000ead80000,0x00000000ead80000,0x00000000eae80000)
 ParOldGen       total 148992K, used 148582K [0x00000000c0000000, 0x00000000c9180000, 0x00000000eab00000)
  object space 148992K, 99% used [0x00000000c0000000,0x00000000c9119a80,0x00000000c9180000)
 Metaspace       used 96451K, committed 97728K, reserved 1179648K
  class space    used 9453K, committed 9984K, reserved 1048576K
}
Event: 41063.488 GC heap before
{Heap before GC invocations=4080 (full 24):
 PSYoungGen      total 2560K, used 2080K [0x00000000eab00000, 0x00000000eae80000, 0x0000000100000000)
  eden space 1536K, 100% used [0x00000000eab00000,0x00000000eac80000,0x00000000eac80000)
  from space 1024K, 53% used [0x00000000eac80000,0x00000000ead08020,0x00000000ead80000)
  to   space 1024K, 0% used [0x00000000ead80000,0x00000000ead80000,0x00000000eae80000)
 ParOldGen       total 148992K, used 148582K [0x00000000c0000000, 0x00000000c9180000, 0x00000000eab00000)
  object space 148992K, 99% used [0x00000000c0000000,0x00000000c9119a80,0x00000000c9180000)
 Metaspace       used 96451K, committed 97728K, reserved 1179648K
  class space    used 9453K, committed 9984K, reserved 1048576K
}
Event: 41063.490 GC heap after
{Heap after GC invocations=4080 (full 24):
 PSYoungGen      total 2560K, used 704K [0x00000000eab00000, 0x00000000eaf00000, 0x0000000100000000)
  eden space 1536K, 0% used [0x00000000eab00000,0x00000000eab00000,0x00000000eac80000)
  from space 1024K, 68% used [0x00000000ead80000,0x00000000eae30000,0x00000000eae80000)
  to   space 1024K, 0% used [0x00000000eac80000,0x00000000eac80000,0x00000000ead80000)
 ParOldGen       total 148992K, used 148971K [0x00000000c0000000, 0x00000000c9180000, 0x00000000eab00000)
  object space 148992K, 99% used [0x00000000c0000000,0x00000000c917af40,0x00000000c9180000)
 Metaspace       used 96451K, committed 97728K, reserved 1179648K
  class space    used 9453K, committed 9984K, reserved 1048576K
}
Event: 41063.490 GC heap before
{Heap before GC invocations=4081 (full 25):
 PSYoungGen      total 2560K, used 704K [0x00000000eab00000, 0x00000000eaf00000, 0x0000000100000000)
  eden space 1536K, 0% used [0x00000000eab00000,0x00000000eab00000,0x00000000eac80000)
  from space 1024K, 68% used [0x00000000ead80000,0x00000000eae30000,0x00000000eae80000)
  to   space 1024K, 0% used [0x00000000eac80000,0x00000000eac80000,0x00000000ead80000)
 ParOldGen       total 148992K, used 148971K [0x00000000c0000000, 0x00000000c9180000, 0x00000000eab00000)
  object space 148992K, 99% used [0x00000000c0000000,0x00000000c917af40,0x00000000c9180000)
 Metaspace       used 96451K, committed 97728K, reserved 1179648K
  class space    used 9453K, committed 9984K, reserved 1048576K
}

